../30Jul2020_PAX6_LENS_Ensembl100/Alignments/Pax6_plus_plus_LF_M_5_S257_byname_alignment.bam
sed: -e expression #1, char 49: unterminated `s' command
/var/spool/slurm/d/job83379/slurm_script: line 54: ../30Jul2020_PAX6_LENS_Ensembl100/Alignments/: Is a directory
../30Jul2020_PAX6_LENS_Ensembl100/Alignments/M_Pax6_plus_minus_LE_13_S260_byname_alignment.bam
sed: -e expression #1, char 49: unterminated `s' command
/var/spool/slurm/d/job83379/slurm_script: line 54: ../30Jul2020_PAX6_LENS_Ensembl100/Alignments/: Is a directory
../30Jul2020_PAX6_LENS_Ensembl100/Alignments/Pax6_plus_plus_LF_F_6_S258_byname_alignment.bam
sed: -e expression #1, char 49: unterminated `s' command
/var/spool/slurm/d/job83379/slurm_script: line 54: ../30Jul2020_PAX6_LENS_Ensembl100/Alignments/: Is a directory
../30Jul2020_PAX6_LENS_Ensembl100/Alignments/Pax6_plus_plus_LF_4_M_S256_byname_alignment.bam
sed: -e expression #1, char 49: unterminated `s' command
/var/spool/slurm/d/job83379/slurm_script: line 54: ../30Jul2020_PAX6_LENS_Ensembl100/Alignments/: Is a directory
../30Jul2020_PAX6_LENS_Ensembl100/Alignments/M_Pax6_plus_minus_LE_14_S259_byname_alignment.bam
sed: -e expression #1, char 49: unterminated `s' command
/var/spool/slurm/d/job83379/slurm_script: line 54: ../30Jul2020_PAX6_LENS_Ensembl100/Alignments/: Is a directory
../30Jul2020_PAX6_LENS_Ensembl100/Alignments/Pax6_Het_LF_M_17_S263_byname_alignment.bam
sed: -e expression #1, char 49: unterminated `s' command
/var/spool/slurm/d/job83379/slurm_script: line 54: ../30Jul2020_PAX6_LENS_Ensembl100/Alignments/: Is a directory
../30Jul2020_PAX6_LENS_Ensembl100/Alignments/F_Pax6_plus_minus_LE_15_S261_byname_alignment.bam
sed: -e expression #1, char 49: unterminated `s' command
/var/spool/slurm/d/job83379/slurm_script: line 54: ../30Jul2020_PAX6_LENS_Ensembl100/Alignments/: Is a directory
../30Jul2020_PAX6_LENS_Ensembl100/Alignments/M_LF_Pax6_Het_16_S262_byname_alignment.bam
sed: -e expression #1, char 49: unterminated `s' command
/var/spool/slurm/d/job83379/slurm_script: line 54: ../30Jul2020_PAX6_LENS_Ensembl100/Alignments/: Is a directory
../30Jul2020_PAX6_LENS_Ensembl100/Alignments/F_Pax6_plus_plus_LE_3_S255_byname_alignment.bam
sed: -e expression #1, char 49: unterminated `s' command
/var/spool/slurm/d/job83379/slurm_script: line 54: ../30Jul2020_PAX6_LENS_Ensembl100/Alignments/: Is a directory
../30Jul2020_PAX6_LENS_Ensembl100/Alignments/F_LF_Pax6_Het_18_S264_byname_alignment.bam
sed: -e expression #1, char 49: unterminated `s' command
/var/spool/slurm/d/job83379/slurm_script: line 54: ../30Jul2020_PAX6_LENS_Ensembl100/Alignments/: Is a directory
../30Jul2020_PAX6_LENS_Ensembl100/Alignments/M_Pax6_plus_plus_LE_1_S253_byname_alignment.bam
sed: -e expression #1, char 49: unterminated `s' command
/var/spool/slurm/d/job83379/slurm_script: line 54: ../30Jul2020_PAX6_LENS_Ensembl100/Alignments/: Is a directory
../30Jul2020_PAX6_LENS_Ensembl100/Alignments/M_Pax6_plus_plus_LE_2_S254_byname_alignment.bam
sed: -e expression #1, char 49: unterminated `s' command
/var/spool/slurm/d/job83379/slurm_script: line 54: ../30Jul2020_PAX6_LENS_Ensembl100/Alignments/: Is a directory
